mode: set
myapp/cmd/server/main.go:17.13,23.16 3 0
myapp/cmd/server/main.go:23.16,25.3 1 0
myapp/cmd/server/main.go:26.2,41.16 4 0
myapp/cmd/server/main.go:41.16,43.3 1 0
myapp/cmd/server/main.go:44.2,55.21 6 0
myapp/internal/handlers/payment_handler.go:15.73,17.2 1 0
myapp/internal/handlers/payment_handler.go:19.56,21.16 2 0
myapp/internal/handlers/payment_handler.go:21.16,24.3 2 0
myapp/internal/handlers/payment_handler.go:25.2,25.75 1 0
myapp/internal/handlers/payment_handler.go:28.53,32.16 3 0
myapp/internal/handlers/payment_handler.go:32.16,35.3 2 0
myapp/internal/handlers/payment_handler.go:37.2,37.32 1 0
myapp/internal/handlers/server.go:9.81,14.2 3 0
myapp/internal/mock/publisher_mock.go:13.76,15.2 1 0
myapp/internal/mock/repo_mock.go:15.62,17.2 1 0
myapp/internal/mock/repo_mock.go:19.69,21.2 1 0
myapp/internal/rabbitmq/publisher.go:13.77,15.2 1 0
myapp/internal/rabbitmq/publisher.go:17.72,20.2 1 0
myapp/internal/mysql/payment.go:12.73,14.2 1 0
myapp/internal/mysql/payment.go:16.63,19.2 1 0
myapp/internal/mysql/payment.go:21.70,24.2 1 0
myapp/internal/postgres/payment.go:12.76,14.2 1 0
myapp/internal/postgres/payment.go:16.66,19.2 1 0
myapp/internal/postgres/payment.go:21.73,24.2 1 0
myapp/internal/mock/publisher_mock.go:13.76,15.2 1 1
myapp/internal/mock/repo_mock.go:15.62,17.2 1 1
myapp/internal/mock/repo_mock.go:19.69,21.2 1 0
myapp/internal/services/payment_service.go:18.113,23.2 1 1
myapp/internal/services/payment_service.go:25.49,29.47 2 1
myapp/internal/services/payment_service.go:29.47,31.3 1 1
myapp/internal/services/payment_service.go:33.2,33.67 1 1
myapp/internal/services/payment_service.go:33.67,35.3 1 1
myapp/internal/services/payment_service.go:37.2,37.12 1 1
myapp/internal/services/payment_service.go:40.68,42.2 1 0
